<?xml version="1.0" encoding="UTF-8"?>
<!-- Generated by org.testng.reporters.JUnitReportReporter -->
<testsuite hostname="DESKTOP-76CP6Q0" failures="0" tests="1" name="testCases.TC_RF_12_ValidateStarMandatoryfield" time="3.325" errors="0" timestamp="2023-08-04T16:28:51 IST" skipped="0">
  <testcase classname="testCases.TC_RF_12_ValidateStarMandatoryfield" name="registraion" time="3.325"/>
  <system-out/>
</testsuite> <!-- testCases.TC_RF_12_ValidateStarMandatoryfield -->
