<?xml version="1.0" encoding="UTF-8"?>
<!-- Generated by org.testng.reporters.JUnitReportReporter -->
<testsuite hostname="DESKTOP-76CP6Q0" failures="0" tests="1" name="testCases.asfasfa" time="33.673" errors="0" timestamp="2023-08-13T13:54:47 IST" skipped="0">
  <testcase classname="testCases.asfasfa" name="login" time="33.673"/>
  <system-out/>
</testsuite> <!-- testCases.asfasfa -->
