<?xml version="1.0" encoding="UTF-8"?>
<!-- Generated by org.testng.reporters.JUnitReportReporter -->
<testsuite hostname="DESKTOP-76CP6Q0" failures="0" tests="1" name="testCases.TC_LF_17_ValidateLoginAfterPassChange" time="12.812" errors="0" timestamp="2023-08-18T13:22:19 IST" skipped="0">
  <testcase classname="testCases.TC_LF_17_ValidateLoginAfterPassChange" name="login" time="12.812"/>
  <system-out/>
</testsuite> <!-- testCases.TC_LF_17_ValidateLoginAfterPassChange -->
