<?xml version="1.0" encoding="UTF-8"?>
<!-- Generated by org.testng.reporters.JUnitReportReporter -->
<testsuite hostname="DESKTOP-76CP6Q0" failures="0" tests="5" name="testCases.TC_05ValidatePasswordLessThenSixChar" time="4.534" errors="0" timestamp="2023-08-03T11:26:49 IST" skipped="0">
  <testcase classname="testCases.TC_05ValidatePasswordLessThenSixChar" name="registration" time="0.905"/>
  <system-out/>
  <testcase classname="testCases.TC_05ValidatePasswordLessThenSixChar" name="registration" time="0.750"/>
  <system-out/>
  <testcase classname="testCases.TC_05ValidatePasswordLessThenSixChar" name="registration" time="1.350"/>
  <system-out/>
  <testcase classname="testCases.TC_05ValidatePasswordLessThenSixChar" name="registration" time="0.807"/>
  <system-out/>
  <testcase classname="testCases.TC_05ValidatePasswordLessThenSixChar" name="registration" time="0.722"/>
  <system-out/>
</testsuite> <!-- testCases.TC_05ValidatePasswordLessThenSixChar -->
