<?xml version="1.0" encoding="UTF-8"?>
<!-- Generated by org.testng.reporters.JUnitReportReporter -->
<testsuite hostname="DESKTOP-76CP6Q0" failures="0" tests="1" name="testCases.TC_MAF_05_Validate_Stock_Subscription" time="8.996" errors="0" timestamp="2023-08-07T13:32:46 IST" skipped="0">
  <testcase classname="testCases.TC_MAF_05_Validate_Stock_Subscription" name="myaccount" time="8.996"/>
  <system-out/>
</testsuite> <!-- testCases.TC_MAF_05_Validate_Stock_Subscription -->
