<?xml version="1.0" encoding="UTF-8"?>
<!-- Generated by org.testng.reporters.JUnitReportReporter -->
<testsuite hostname="DESKTOP-76CP6Q0" failures="0" tests="1" name="testCases.TC_LF_01_ValidateLoginWithValidEmailAndPass" time="3.425" errors="0" timestamp="2023-08-05T11:59:14 IST" skipped="0">
  <testcase classname="testCases.TC_LF_01_ValidateLoginWithValidEmailAndPass" name="login" time="3.425"/>
  <system-out/>
</testsuite> <!-- testCases.TC_LF_01_ValidateLoginWithValidEmailAndPass -->
