<?xml version="1.0" encoding="UTF-8"?>
<!-- Generated by org.testng.reporters.JUnitReportReporter -->
<testsuite hostname="DESKTOP-76CP6Q0" failures="0" tests="1" name="testCases.TC_LF_10_ValidateBrowsingBackBtn" time="7.215" errors="0" timestamp="2023-08-08T16:45:26 IST" skipped="0">
  <testcase classname="testCases.TC_LF_10_ValidateBrowsingBackBtn" name="login" time="7.215"/>
  <system-out/>
</testsuite> <!-- testCases.TC_LF_10_ValidateBrowsingBackBtn -->
