<?xml version="1.0" encoding="UTF-8"?>
<!-- Generated by org.testng.reporters.JUnitReportReporter -->
<testsuite hostname="DESKTOP-76CP6Q0" failures="0" tests="1" name="testCases.TC_MAF_04_Validate_Downloadable_Product" time="6.376" errors="0" timestamp="2023-08-07T13:31:08 IST" skipped="0">
  <testcase classname="testCases.TC_MAF_04_Validate_Downloadable_Product" name="myaccount" time="6.376"/>
  <system-out/>
</testsuite> <!-- testCases.TC_MAF_04_Validate_Downloadable_Product -->
