<?xml version="1.0" encoding="UTF-8"?>
<!-- Generated by org.testng.reporters.JUnitReportReporter -->
<testsuite hostname="DESKTOP-76CP6Q0" failures="0" tests="1" name="testCases.TC_001_Register" time="4.721" errors="0" timestamp="2023-08-01T21:50:02 IST" skipped="0">
  <testcase classname="testCases.TC_001_Register" name="registration" time="4.721"/>
  <system-out/>
</testsuite> <!-- testCases.TC_001_Register -->
