<?xml version="1.0" encoding="UTF-8"?>
<!-- Generated by org.testng.reporters.JUnitReportReporter -->
<testsuite hostname="DESKTOP-76CP6Q0" failures="0" tests="1" name="testCases.TC_MAF_12_ValidateBreadcrumb" time="3.466" errors="0" timestamp="2023-08-18T11:46:52 IST" skipped="0">
  <testcase classname="testCases.TC_MAF_12_ValidateBreadcrumb" name="Myaccount" time="3.466"/>
  <system-out/>
</testsuite> <!-- testCases.TC_MAF_12_ValidateBreadcrumb -->
