<?xml version="1.0" encoding="UTF-8"?>
<!-- Generated by org.testng.reporters.JUnitReportReporter -->
<testsuite hostname="DESKTOP-76CP6Q0" failures="0" tests="1" name="testCases.TC_RF_06_PassConfPassDoNotMatchd" time="3.419" errors="0" timestamp="2023-08-04T11:33:22 IST" skipped="0">
  <testcase classname="testCases.TC_RF_06_PassConfPassDoNotMatchd" name="registration" time="3.419"/>
  <system-out/>
</testsuite> <!-- testCases.TC_RF_06_PassConfPassDoNotMatchd -->
