<?xml version="1.0" encoding="UTF-8"?>
<!-- Generated by org.testng.reporters.JUnitReportReporter -->
<testsuite hostname="DESKTOP-76CP6Q0" failures="0" tests="1" name="testCases.Hbd" time="5.509" errors="0" timestamp="2023-08-04T15:58:20 IST" skipped="0">
  <testcase classname="testCases.Hbd" name="registraion" time="5.509"/>
  <system-out/>
</testsuite> <!-- testCases.Hbd -->
