<?xml version="1.0" encoding="UTF-8"?>
<!-- Generated by org.testng.reporters.JUnitReportReporter -->
<testsuite hostname="DESKTOP-76CP6Q0" failures="0" tests="1" name="testCases.TC_LF_02_ValidateRegiaterbtnOnLoginPage" time="3.443" errors="0" timestamp="2023-08-05T12:16:17 IST" skipped="0">
  <testcase classname="testCases.TC_LF_02_ValidateRegiaterbtnOnLoginPage" name="login" time="3.443"/>
  <system-out/>
</testsuite> <!-- testCases.TC_LF_02_ValidateRegiaterbtnOnLoginPage -->
