<?xml version="1.0" encoding="UTF-8"?>
<!-- Generated by org.testng.reporters.JUnitReportReporter -->
<testsuite hostname="DESKTOP-76CP6Q0" failures="0" tests="1" name="testCases.TC_LF_07_ValidateLoginFunctinalityWithValidEmailWrongPass" time="3.448" errors="0" timestamp="2023-08-05T13:40:48 IST" skipped="0">
  <testcase classname="testCases.TC_LF_07_ValidateLoginFunctinalityWithValidEmailWrongPass" name="login" time="3.448"/>
  <system-out/>
</testsuite> <!-- testCases.TC_LF_07_ValidateLoginFunctinalityWithValidEmailWrongPass -->
