<?xml version="1.0" encoding="UTF-8"?>
<!-- Generated by org.testng.reporters.JUnitReportReporter -->
<testsuite hostname="DESKTOP-76CP6Q0" failures="0" tests="1" name="testCases.TC_LF_14_ValidatePasswordFildToggledHide" time="2.728" errors="0" timestamp="2023-08-13T12:13:41 IST" skipped="0">
  <testcase classname="testCases.TC_LF_14_ValidatePasswordFildToggledHide" name="login" time="2.728"/>
  <system-out/>
</testsuite> <!-- testCases.TC_LF_14_ValidatePasswordFildToggledHide -->
