<?xml version="1.0" encoding="UTF-8"?>
<!-- Generated by org.testng.reporters.JUnitReportReporter -->
<testsuite hostname="DESKTOP-76CP6Q0" failures="0" tests="1" name="testCases.TC_LF_11_ValidateBrowsingBackBtnOnlogout" time="5.600" errors="0" timestamp="2023-08-08T18:17:32 IST" skipped="0">
  <testcase classname="testCases.TC_LF_11_ValidateBrowsingBackBtnOnlogout" name="login" time="5.600"/>
  <system-out/>
</testsuite> <!-- testCases.TC_LF_11_ValidateBrowsingBackBtnOnlogout -->
