<?xml version="1.0" encoding="UTF-8"?>
<!-- Generated by org.testng.reporters.JUnitReportReporter -->
<testsuite hostname="DESKTOP-76CP6Q0" failures="0" tests="1" name="testCases.TC_RF_15_RegisterAccountFromLoginPage" time="5.148" errors="0" timestamp="2023-08-18T15:11:08 IST" skipped="0">
  <testcase classname="testCases.TC_RF_15_RegisterAccountFromLoginPage" name="registration" time="5.148"/>
  <system-out/>
</testsuite> <!-- testCases.TC_RF_15_RegisterAccountFromLoginPage -->
