<?xml version="1.0" encoding="UTF-8"?>
<!-- Generated by org.testng.reporters.JUnitReportReporter -->
<testsuite hostname="DESKTOP-76CP6Q0" failures="0" tests="1" name="testCases.TC_MAF_01_Validate_Coustomerinfo_link" time="7.621" errors="0" timestamp="2023-08-07T13:04:16 IST" skipped="0">
  <testcase classname="testCases.TC_MAF_01_Validate_Coustomerinfo_link" name="myaccount" time="7.621"/>
  <system-out/>
</testsuite> <!-- testCases.TC_MAF_01_Validate_Coustomerinfo_link -->
