<?xml version="1.0" encoding="UTF-8"?>
<!-- Generated by org.testng.reporters.JUnitReportReporter -->
<testsuite hostname="DESKTOP-76CP6Q0" failures="0" tests="1" name="testCases.TC_MAF_09_Validate_Heading_msg" time="4.856" errors="0" timestamp="2023-08-07T14:54:34 IST" skipped="0">
  <testcase classname="testCases.TC_MAF_09_Validate_Heading_msg" name="myaccount" time="4.856"/>
  <system-out/>
</testsuite> <!-- testCases.TC_MAF_09_Validate_Heading_msg -->
