<?xml version="1.0" encoding="UTF-8"?>
<!-- Generated by org.testng.reporters.JUnitReportReporter -->
<testsuite hostname="DESKTOP-76CP6Q0" failures="0" tests="1" name="testCases.TC_MAF_02_Validate_Addresses_link" time="9.580" errors="0" timestamp="2023-08-07T13:16:13 IST" skipped="0">
  <testcase classname="testCases.TC_MAF_02_Validate_Addresses_link" name="myaccount" time="9.580"/>
  <system-out/>
</testsuite> <!-- testCases.TC_MAF_02_Validate_Addresses_link -->
