<?xml version="1.0" encoding="UTF-8"?>
<!-- Generated by org.testng.reporters.JUnitReportReporter -->
<testsuite hostname="DESKTOP-76CP6Q0" failures="0" tests="1" name="testCases.TC_MAF_07_Validate_Change_Password" time="7.494" errors="0" timestamp="2023-08-07T14:08:57 IST" skipped="0">
  <testcase classname="testCases.TC_MAF_07_Validate_Change_Password" name="myaccount" time="7.494"/>
  <system-out/>
</testsuite> <!-- testCases.TC_MAF_07_Validate_Change_Password -->
