<?xml version="1.0" encoding="UTF-8"?>
<!-- Generated by org.testng.reporters.JUnitReportReporter -->
<testsuite hostname="DESKTOP-76CP6Q0" failures="0" tests="1" name="testCases.TC_RF_14_ValidateAllLabelOnRegisrationPage" time="7.251" errors="0" timestamp="2023-08-04T20:58:24 IST" skipped="0">
  <testcase classname="testCases.TC_RF_14_ValidateAllLabelOnRegisrationPage" name="registration" time="7.251"/>
  <system-out/>
</testsuite> <!-- testCases.TC_RF_14_ValidateAllLabelOnRegisrationPage -->
