<?xml version="1.0" encoding="UTF-8"?>
<!-- Generated by org.testng.reporters.JUnitReportReporter -->
<testsuite hostname="DESKTOP-76CP6Q0" failures="0" tests="1" name="testCases.TC_07_NewletterIsSelectedOrNot" time="2.406" errors="0" timestamp="2023-08-04T11:21:03 IST" skipped="0">
  <testcase classname="testCases.TC_07_NewletterIsSelectedOrNot" name="OnMyAccount_nwsLterIsSelected" time="2.406"/>
  <system-out/>
</testsuite> <!-- testCases.TC_07_NewletterIsSelectedOrNot -->
