<?xml version="1.0" encoding="UTF-8"?>
<!-- Generated by org.testng.reporters.JUnitReportReporter -->
<testsuite hostname="DESKTOP-76CP6Q0" failures="0" tests="1" name="testCases.TC_RF_08_NewsLetterChkBoxUnSelected" time="7.318" errors="0" timestamp="2023-08-04T12:00:31 IST" skipped="0">
  <testcase classname="testCases.TC_RF_08_NewsLetterChkBoxUnSelected" name="registration_chkbox_bydefault_slected" time="7.318"/>
  <system-out/>
</testsuite> <!-- testCases.TC_RF_08_NewsLetterChkBoxUnSelected -->
