<?xml version="1.0" encoding="UTF-8"?>
<!-- Generated by org.testng.reporters.JUnitReportReporter -->
<testsuite hostname="DESKTOP-76CP6Q0" failures="0" tests="1" name="testCases.TC_MAF_11_Validate_SearchFunctionality" time="6.601" errors="0" timestamp="2023-08-07T17:03:23 IST" skipped="0">
  <testcase classname="testCases.TC_MAF_11_Validate_SearchFunctionality" name="myaccount" time="6.601"/>
  <system-out/>
</testsuite> <!-- testCases.TC_MAF_11_Validate_SearchFunctionality -->
