<?xml version="1.0" encoding="UTF-8"?>
<!-- Generated by org.testng.reporters.JUnitReportReporter -->
<testsuite hostname="DESKTOP-76CP6Q0" failures="0" tests="1" name="testCases.TC_02_RegisterWithMandatoryField" time="7.371" errors="0" timestamp="2023-08-02T11:53:48 IST" skipped="0">
  <testcase classname="testCases.TC_02_RegisterWithMandatoryField" name="registration" time="7.371"/>
  <system-out/>
</testsuite> <!-- testCases.TC_02_RegisterWithMandatoryField -->
