<?xml version="1.0" encoding="UTF-8"?>
<!-- Generated by org.testng.reporters.JUnitReportReporter -->
<testsuite hostname="DESKTOP-76CP6Q0" failures="0" tests="1" name="testCases.TC_04_validateRegWithInvalidEmail" time="2.418" errors="0" timestamp="2023-08-02T12:07:52 IST" skipped="0">
  <testcase classname="testCases.TC_04_validateRegWithInvalidEmail" name="registration" time="2.418"/>
  <system-out/>
</testsuite> <!-- testCases.TC_04_validateRegWithInvalidEmail -->
