<?xml version="1.0" encoding="UTF-8"?>
<!-- Generated by org.testng.reporters.JUnitReportReporter -->
<testsuite hostname="DESKTOP-76CP6Q0" failures="0" tests="1" name="testCases.TC_RF_09_ValidateExistingMailId" time="9.416" errors="0" timestamp="2023-08-04T12:35:46 IST" skipped="0">
  <testcase classname="testCases.TC_RF_09_ValidateExistingMailId" name="registration" time="9.416"/>
  <system-out/>
</testsuite> <!-- testCases.TC_RF_09_ValidateExistingMailId -->
