<?xml version="1.0" encoding="UTF-8"?>
<!-- Generated by org.testng.reporters.JUnitReportReporter -->
<testsuite hostname="DESKTOP-76CP6Q0" failures="0" tests="1" name="testCases.TC_MAF_10_Validate_logoutfuctionality" time="4.732" errors="0" timestamp="2023-08-07T15:11:07 IST" skipped="0">
  <testcase classname="testCases.TC_MAF_10_Validate_logoutfuctionality" name="myaccount" time="4.732"/>
  <system-out/>
</testsuite> <!-- testCases.TC_MAF_10_Validate_logoutfuctionality -->
