<?xml version="1.0" encoding="UTF-8"?>
<!-- Generated by org.testng.reporters.JUnitReportReporter -->
<testsuite hostname="DESKTOP-76CP6Q0" failures="0" tests="1" name="testCases.TC_03_registerWithoutFillUpDetail" time="3.924" errors="0" timestamp="2023-08-02T12:30:57 IST" skipped="0">
  <testcase classname="testCases.TC_03_registerWithoutFillUpDetail" name="registration" time="3.924"/>
  <system-out/>
</testsuite> <!-- testCases.TC_03_registerWithoutFillUpDetail -->
