<?xml version="1.0" encoding="UTF-8"?>
<!-- Generated by org.testng.reporters.JUnitReportReporter -->
<testsuite hostname="DESKTOP-76CP6Q0" failures="0" tests="1" name="testCases.TC_RF_10_ValidateRegiatrationFunctionalityUsingTabAndEnterKey" time="5.902" errors="0" timestamp="2023-08-18T15:01:43 IST" skipped="0">
  <testcase classname="testCases.TC_RF_10_ValidateRegiatrationFunctionalityUsingTabAndEnterKey" name="login" time="5.902"/>
  <system-out/>
</testsuite> <!-- testCases.TC_RF_10_ValidateRegiatrationFunctionalityUsingTabAndEnterKey -->
