<?xml version="1.0" encoding="UTF-8"?>
<!-- Generated by org.testng.reporters.JUnitReportReporter -->
<testsuite hostname="DESKTOP-76CP6Q0" failures="0" tests="1" name="testCases.TC_001_Click_Register" time="2.567" errors="0" timestamp="2023-08-01T20:23:26 IST" skipped="0">
  <testcase classname="testCases.TC_001_Click_Register" name="registration" time="2.567"/>
  <system-out/>
</testsuite> <!-- testCases.TC_001_Click_Register -->
