<?xml version="1.0" encoding="UTF-8"?>
<!-- Generated by org.testng.reporters.JUnitReportReporter -->
<testsuite hostname="DESKTOP-76CP6Q0" failures="0" tests="1" name="testCases.TC_MAF_08_Validate_MyProductReview" time="4.151" errors="0" timestamp="2023-08-07T14:19:24 IST" skipped="0">
  <testcase classname="testCases.TC_MAF_08_Validate_MyProductReview" name="myaccount" time="4.151"/>
  <system-out/>
</testsuite> <!-- testCases.TC_MAF_08_Validate_MyProductReview -->
