<?xml version="1.0" encoding="UTF-8"?>
<!-- Generated by org.testng.reporters.JUnitReportReporter -->
<testsuite hostname="DESKTOP-76CP6Q0" failures="0" tests="1" name="testCases.TC_LF_06_ValidateLoginFunctinalityWithWeongEmail" time="3.115" errors="0" timestamp="2023-08-05T13:38:58 IST" skipped="0">
  <testcase classname="testCases.TC_LF_06_ValidateLoginFunctinalityWithWeongEmail" name="login" time="3.115"/>
  <system-out/>
</testsuite> <!-- testCases.TC_LF_06_ValidateLoginFunctinalityWithWeongEmail -->
