<?xml version="1.0" encoding="UTF-8"?>
<!-- Generated by org.testng.reporters.JUnitReportReporter -->
<testsuite hostname="DESKTOP-76CP6Q0" failures="0" tests="1" name="testCases.TC_RF_13_ValidatePawdToggleHide" time="6.022" errors="0" timestamp="2023-08-04T17:07:25 IST" skipped="0">
  <testcase classname="testCases.TC_RF_13_ValidatePawdToggleHide" name="Registation" time="6.022"/>
  <system-out/>
</testsuite> <!-- testCases.TC_RF_13_ValidatePawdToggleHide -->
