<?xml version="1.0" encoding="UTF-8"?>
<!-- Generated by org.testng.reporters.JUnitReportReporter -->
<testsuite hostname="DESKTOP-76CP6Q0" failures="0" tests="1" name="testCases.TC_LF_19_ValidateBreadcrumb" time="2.458" errors="0" timestamp="2023-08-18T14:23:00 IST" skipped="0">
  <testcase classname="testCases.TC_LF_19_ValidateBreadcrumb" name="Myaccount" time="2.458"/>
  <system-out/>
</testsuite> <!-- testCases.TC_LF_19_ValidateBreadcrumb -->
