<?xml version="1.0" encoding="UTF-8"?>
<!-- Generated by org.testng.reporters.JUnitReportReporter -->
<testsuite hostname="DESKTOP-76CP6Q0" failures="0" tests="1" name="testCases.TC_LF_05_ValidateLoginFunctinalityWithSpace" time="4.004" errors="0" timestamp="2023-08-05T13:28:44 IST" skipped="0">
  <testcase classname="testCases.TC_LF_05_ValidateLoginFunctinalityWithSpace" name="login" time="4.004"/>
  <system-out/>
</testsuite> <!-- testCases.TC_LF_05_ValidateLoginFunctinalityWithSpace -->
