<?xml version="1.0" encoding="UTF-8"?>
<!-- Generated by org.testng.reporters.JUnitReportReporter -->
<testsuite hostname="DESKTOP-76CP6Q0" failures="0" tests="1" name="testCases.TC_MAF_06_Validate_Rewards_Points" time="4.812" errors="0" timestamp="2023-08-07T13:39:02 IST" skipped="0">
  <testcase classname="testCases.TC_MAF_06_Validate_Rewards_Points" name="myaccount" time="4.812"/>
  <system-out/>
</testsuite> <!-- testCases.TC_MAF_06_Validate_Rewards_Points -->
