<?xml version="1.0" encoding="UTF-8"?>
<!-- Generated by org.testng.reporters.JUnitReportReporter -->
<testsuite hostname="DESKTOP-76CP6Q0" failures="0" tests="1" name="testCases.TC_MAF_03_Validate_Orders_link" time="4.418" errors="0" timestamp="2023-08-07T13:21:20 IST" skipped="0">
  <testcase classname="testCases.TC_MAF_03_Validate_Orders_link" name="myaccount" time="4.418"/>
  <system-out/>
</testsuite> <!-- testCases.TC_MAF_03_Validate_Orders_link -->
